<?xml version="1.0" encoding="UTF-8"?>
<!-- Generated by org.testng.reporters.JUnitReportReporter -->
<testsuite skipped="0" hostname="Ceroshs-MacBook-Pro.local" name="parallel.WikiTestScript" tests="2" failures="0" timestamp="19 May 2018 09:46:20 GMT" time="70.669" errors="0">
  <testcase name="testParameterWithXML" time="35.508" classname="parallel.WikiTestScript"/>
  <testcase name="testParameterWithXML" time="35.161" classname="parallel.WikiTestScript"/>
</testsuite> <!-- parallel.WikiTestScript -->
