<?xml version="1.0" encoding="UTF-8"?>
<!-- Generated by org.testng.reporters.JUnitReportReporter -->
<testsuite skipped="0" hostname="Ceroshs-MacBook-Pro.local" name="parallel.WikiTestScript" tests="1" failures="0" timestamp="16 May 2018 08:40:22 GMT" time="142.513" errors="0">
  <testcase name="testParameterWithXML" time="142.513" classname="parallel.WikiTestScript"/>
</testsuite> <!-- parallel.WikiTestScript -->
