<?xml version="1.0" encoding="UTF-8"?>
<!-- Generated by org.testng.reporters.JUnitReportReporter -->
<testsuite skipped="0" hostname="Ceroshs-MacBook-Pro.local" name="parallel.stringValidation" tests="1" failures="0" timestamp="15 May 2018 13:27:21 GMT" time="0.007" errors="0">
  <testcase name="validateTitle" time="0.007" classname="parallel.stringValidation"/>
</testsuite> <!-- parallel.stringValidation -->
